CRITICAL - 2023-07-19 22:06:26 --> Class "Config\XeroAPI" not found
#0 /Users/user/dev/hivegroup/myob/vendor/codeigniter4/framework/system/CodeIgniter.php(936): App\Controllers\MyobController->retrieveInvoices()
#1 /Users/user/dev/hivegroup/myob/vendor/codeigniter4/framework/system/CodeIgniter.php(432): CodeIgniter\CodeIgniter->runController(Object(App\Controllers\MyobController))
#2 /Users/user/dev/hivegroup/myob/vendor/codeigniter4/framework/system/CodeIgniter.php(333): CodeIgniter\CodeIgniter->handleRequest(NULL, Object(Config\Cache), false)
#3 /Users/user/dev/hivegroup/myob/public/index.php(44): CodeIgniter\CodeIgniter->run()
#4 {main}
CRITICAL - 2023-07-19 22:15:23 --> Class "Config\XeroAPI" not found
#0 /Users/user/dev/hivegroup/myob/vendor/codeigniter4/framework/system/CodeIgniter.php(936): App\Controllers\MyobController->retrieveInvoices()
#1 /Users/user/dev/hivegroup/myob/vendor/codeigniter4/framework/system/CodeIgniter.php(432): CodeIgniter\CodeIgniter->runController(Object(App\Controllers\MyobController))
#2 /Users/user/dev/hivegroup/myob/vendor/codeigniter4/framework/system/CodeIgniter.php(333): CodeIgniter\CodeIgniter->handleRequest(NULL, Object(Config\Cache), false)
#3 /Users/user/dev/hivegroup/myob/public/index.php(44): CodeIgniter\CodeIgniter->run()
#4 {main}
CRITICAL - 2023-07-19 22:16:26 --> Class "Config\XeroAPI" not found
#0 /Users/user/dev/hivegroup/myob/vendor/codeigniter4/framework/system/CodeIgniter.php(936): App\Controllers\MyobController->retrieveInvoices()
#1 /Users/user/dev/hivegroup/myob/vendor/codeigniter4/framework/system/CodeIgniter.php(432): CodeIgniter\CodeIgniter->runController(Object(App\Controllers\MyobController))
#2 /Users/user/dev/hivegroup/myob/vendor/codeigniter4/framework/system/CodeIgniter.php(333): CodeIgniter\CodeIgniter->handleRequest(NULL, Object(Config\Cache), false)
#3 /Users/user/dev/hivegroup/myob/public/index.php(44): CodeIgniter\CodeIgniter->run()
#4 {main}
CRITICAL - 2023-07-19 22:20:55 --> Class "Config\XeroAPI" not found
#0 /Users/user/dev/hivegroup/myob/vendor/codeigniter4/framework/system/CodeIgniter.php(936): App\Controllers\MyobController->retrieveInvoices()
#1 /Users/user/dev/hivegroup/myob/vendor/codeigniter4/framework/system/CodeIgniter.php(432): CodeIgniter\CodeIgniter->runController(Object(App\Controllers\MyobController))
#2 /Users/user/dev/hivegroup/myob/vendor/codeigniter4/framework/system/CodeIgniter.php(333): CodeIgniter\CodeIgniter->handleRequest(NULL, Object(Config\Cache), false)
#3 /Users/user/dev/hivegroup/myob/public/index.php(44): CodeIgniter\CodeIgniter->run()
#4 {main}
CRITICAL - 2023-07-19 22:21:50 --> Class "Config\XeroAPI" not found
#0 /Users/user/dev/hivegroup/myob/vendor/codeigniter4/framework/system/CodeIgniter.php(936): App\Controllers\MyobController->retrieveInvoices()
#1 /Users/user/dev/hivegroup/myob/vendor/codeigniter4/framework/system/CodeIgniter.php(432): CodeIgniter\CodeIgniter->runController(Object(App\Controllers\MyobController))
#2 /Users/user/dev/hivegroup/myob/vendor/codeigniter4/framework/system/CodeIgniter.php(333): CodeIgniter\CodeIgniter->handleRequest(NULL, Object(Config\Cache), false)
#3 /Users/user/dev/hivegroup/myob/public/index.php(44): CodeIgniter\CodeIgniter->run()
#4 {main}
CRITICAL - 2023-07-19 22:21:53 --> Class "Config\XeroAPI" not found
#0 /Users/user/dev/hivegroup/myob/vendor/codeigniter4/framework/system/CodeIgniter.php(936): App\Controllers\MyobController->retrieveInvoices()
#1 /Users/user/dev/hivegroup/myob/vendor/codeigniter4/framework/system/CodeIgniter.php(432): CodeIgniter\CodeIgniter->runController(Object(App\Controllers\MyobController))
#2 /Users/user/dev/hivegroup/myob/vendor/codeigniter4/framework/system/CodeIgniter.php(333): CodeIgniter\CodeIgniter->handleRequest(NULL, Object(Config\Cache), false)
#3 /Users/user/dev/hivegroup/myob/public/index.php(44): CodeIgniter\CodeIgniter->run()
#4 {main}
CRITICAL - 2023-07-19 22:23:36 --> Class "Config\XeroAPI" not found
#0 /Users/user/dev/hivegroup/myob/vendor/codeigniter4/framework/system/CodeIgniter.php(936): App\Controllers\MyobController->retrieveInvoices()
#1 /Users/user/dev/hivegroup/myob/vendor/codeigniter4/framework/system/CodeIgniter.php(432): CodeIgniter\CodeIgniter->runController(Object(App\Controllers\MyobController))
#2 /Users/user/dev/hivegroup/myob/vendor/codeigniter4/framework/system/CodeIgniter.php(333): CodeIgniter\CodeIgniter->handleRequest(NULL, Object(Config\Cache), false)
#3 /Users/user/dev/hivegroup/myob/public/index.php(44): CodeIgniter\CodeIgniter->run()
#4 {main}
CRITICAL - 2023-07-19 22:25:42 --> Undefined array key "XERO_CLIENT_SECRET"
#0 /Users/user/dev/hivegroup/myob/app/Config/XeroAPI.php(22): CodeIgniter\Debug\Exceptions->errorHandler(2, 'Undefined array...', '/Users/user/dev...', 22)
#1 /Users/user/dev/hivegroup/myob/app/Controllers/MyobController.php(17): Config\XeroAPI->__construct()
#2 /Users/user/dev/hivegroup/myob/vendor/codeigniter4/framework/system/CodeIgniter.php(936): App\Controllers\MyobController->retrieveInvoices()
#3 /Users/user/dev/hivegroup/myob/vendor/codeigniter4/framework/system/CodeIgniter.php(432): CodeIgniter\CodeIgniter->runController(Object(App\Controllers\MyobController))
#4 /Users/user/dev/hivegroup/myob/vendor/codeigniter4/framework/system/CodeIgniter.php(333): CodeIgniter\CodeIgniter->handleRequest(NULL, Object(Config\Cache), false)
#5 /Users/user/dev/hivegroup/myob/public/index.php(44): CodeIgniter\CodeIgniter->run()
#6 {main}
CRITICAL - 2023-07-19 22:27:23 --> Cannot declare class Config\XeroAPI, because the name is already in use
#0 [internal function]: CodeIgniter\Debug\Exceptions->shutdownHandler()
#1 {main}
CRITICAL - 2023-07-19 22:28:41 --> Cannot declare class Config\XeroAPI, because the name is already in use
#0 [internal function]: CodeIgniter\Debug\Exceptions->shutdownHandler()
#1 {main}
CRITICAL - 2023-07-19 22:29:21 --> Cannot declare class Config\XeroAPI, because the name is already in use
#0 [internal function]: CodeIgniter\Debug\Exceptions->shutdownHandler()
#1 {main}
CRITICAL - 2023-07-19 22:49:40 --> Class "Config\XeroAPI" not found
#0 /Users/user/dev/hivegroup/myob/vendor/codeigniter4/framework/system/CodeIgniter.php(936): App\Controllers\MyobController->retrieveInvoices()
#1 /Users/user/dev/hivegroup/myob/vendor/codeigniter4/framework/system/CodeIgniter.php(432): CodeIgniter\CodeIgniter->runController(Object(App\Controllers\MyobController))
#2 /Users/user/dev/hivegroup/myob/vendor/codeigniter4/framework/system/CodeIgniter.php(333): CodeIgniter\CodeIgniter->handleRequest(NULL, Object(Config\Cache), false)
#3 /Users/user/dev/hivegroup/myob/public/index.php(44): CodeIgniter\CodeIgniter->run()
#4 {main}
CRITICAL - 2023-07-19 22:50:33 --> App\Service\InvoiceService::__construct(): Argument #1 ($apiConfig) must be of type Config\XeroAPI, Config\ThirdPartyAPI\XeroAPI given, called in /Users/user/dev/hivegroup/myob/app/Controllers/MyobController.php on line 18
#0 /Users/user/dev/hivegroup/myob/app/Controllers/MyobController.php(18): App\Service\InvoiceService->__construct(Object(Config\ThirdPartyAPI\XeroAPI))
#1 /Users/user/dev/hivegroup/myob/vendor/codeigniter4/framework/system/CodeIgniter.php(936): App\Controllers\MyobController->retrieveInvoices()
#2 /Users/user/dev/hivegroup/myob/vendor/codeigniter4/framework/system/CodeIgniter.php(432): CodeIgniter\CodeIgniter->runController(Object(App\Controllers\MyobController))
#3 /Users/user/dev/hivegroup/myob/vendor/codeigniter4/framework/system/CodeIgniter.php(333): CodeIgniter\CodeIgniter->handleRequest(NULL, Object(Config\Cache), false)
#4 /Users/user/dev/hivegroup/myob/public/index.php(44): CodeIgniter\CodeIgniter->run()
#5 {main}
CRITICAL - 2023-07-19 22:52:08 --> App\Service\InvoiceService::__construct(): Argument #1 ($apiConfig) must be of type Config\XeroAPI, Config\ThirdPartyAPI\XeroAPI given, called in /Users/user/dev/hivegroup/myob/app/Controllers/MyobController.php on line 18
#0 /Users/user/dev/hivegroup/myob/app/Controllers/MyobController.php(18): App\Service\InvoiceService->__construct(Object(Config\ThirdPartyAPI\XeroAPI))
#1 /Users/user/dev/hivegroup/myob/vendor/codeigniter4/framework/system/CodeIgniter.php(936): App\Controllers\MyobController->retrieveInvoices()
#2 /Users/user/dev/hivegroup/myob/vendor/codeigniter4/framework/system/CodeIgniter.php(432): CodeIgniter\CodeIgniter->runController(Object(App\Controllers\MyobController))
#3 /Users/user/dev/hivegroup/myob/vendor/codeigniter4/framework/system/CodeIgniter.php(333): CodeIgniter\CodeIgniter->handleRequest(NULL, Object(Config\Cache), false)
#4 /Users/user/dev/hivegroup/myob/public/index.php(44): CodeIgniter\CodeIgniter->run()
#5 {main}
